[debug] [2023-10-26T13:17:12.406Z] ----------------------------------------------------------------------
[debug] [2023-10-26T13:17:12.410Z] Command:       C:\Program Files\nodejs\node.exe C:\Users\rymnd\AppData\Roaming\npm\node_modules\firebase-tools\lib\bin\firebase.js init
[debug] [2023-10-26T13:17:12.410Z] CLI Version:   12.7.0
[debug] [2023-10-26T13:17:12.411Z] Platform:      win32
[debug] [2023-10-26T13:17:12.411Z] Node Version:  v18.17.1
[debug] [2023-10-26T13:17:12.412Z] Time:          Thu Oct 26 2023 21:17:12 GMT+0800 (Philippine Standard Time)
[debug] [2023-10-26T13:17:12.412Z] ----------------------------------------------------------------------
[debug] 
[debug] [2023-10-26T13:17:12.417Z] >>> [apiv2][query] GET https://firebase-public.firebaseio.com/cli.json [none]
[debug] [2023-10-26T13:17:12.470Z] > command requires scopes: ["email","openid","https://www.googleapis.com/auth/cloudplatformprojects.readonly","https://www.googleapis.com/auth/firebase","https://www.googleapis.com/auth/cloud-platform"]
[debug] [2023-10-26T13:17:12.470Z] > authorizing via signed-in user (raymundregalado8@gmail.com)
[info] 
     ######## #### ########  ######## ########     ###     ######  ########
     ##        ##  ##     ## ##       ##     ##  ##   ##  ##       ##
     ######    ##  ########  ######   ########  #########  ######  ######
     ##        ##  ##    ##  ##       ##     ## ##     ##       ## ##
     ##       #### ##     ## ######## ########  ##     ##  ######  ########

You're about to initialize a Firebase project in this directory:

  E:\WEB DEV\ANGULAR\Task-Management\myapp

[debug] [2023-10-26T13:17:12.941Z] <<< [apiv2][status] GET https://firebase-public.firebaseio.com/cli.json 200
[debug] [2023-10-26T13:17:12.942Z] <<< [apiv2][body] GET https://firebase-public.firebaseio.com/cli.json {"cloudBuildErrorAfter":1594252800000,"cloudBuildWarnAfter":1590019200000,"defaultNode10After":1594252800000,"minVersion":"3.0.5","node8DeploysDisabledAfter":1613390400000,"node8RuntimeDisabledAfter":1615809600000,"node8WarnAfter":1600128000000}
